<?xml version="1.0" encoding="UTF-8"?>
<testsuite xmlns:xsi="http://www.w3.org/2001/XMLSchema-instance" xsi:noNamespaceSchemaLocation="https://maven.apache.org/surefire/maven-surefire-plugin/xsd/surefire-test-report-3.0.xsd" version="3.0" name="runner.TestRunner" time="5.77" tests="1" errors="0" skipped="0" failures="0">
  <properties>
    <property name="java.specification.version" value="19"/>
    <property name="sun.cpu.isalist" value="amd64"/>
    <property name="sun.jnu.encoding" value="Cp1252"/>
    <property name="java.class.path" value="C:\Users\PATAN MUNNA\IdeaProjects\CucumberHybridFramework\target\test-classes;C:\Users\PATAN MUNNA\IdeaProjects\CucumberHybridFramework\target\classes;C:\Users\PATAN MUNNA\.m2\repository\io\cucumber\cucumber-java\7.10.1\cucumber-java-7.10.1.jar;C:\Users\PATAN MUNNA\.m2\repository\org\apiguardian\apiguardian-api\1.1.2\apiguardian-api-1.1.2.jar;C:\Users\PATAN MUNNA\.m2\repository\io\cucumber\cucumber-testng\7.10.1\cucumber-testng-7.10.1.jar;C:\Users\PATAN MUNNA\.m2\repository\org\testng\testng\7.7.0\testng-7.7.0.jar;C:\Users\PATAN MUNNA\.m2\repository\org\slf4j\slf4j-api\1.7.36\slf4j-api-1.7.36.jar;C:\Users\PATAN MUNNA\.m2\repository\org\webjars\jquery\3.6.1\jquery-3.6.1.jar;C:\Users\PATAN MUNNA\.m2\repository\io\cucumber\cucumber-core\7.10.1\cucumber-core-7.10.1.jar;C:\Users\PATAN MUNNA\.m2\repository\io\cucumber\cucumber-gherkin\7.10.1\cucumber-gherkin-7.10.1.jar;C:\Users\PATAN MUNNA\.m2\repository\io\cucumber\cucumber-gherkin-messages\7.10.1\cucumber-gherkin-messages-7.10.1.jar;C:\Users\PATAN MUNNA\.m2\repository\io\cucumber\gherkin\25.0.2\gherkin-25.0.2.jar;C:\Users\PATAN MUNNA\.m2\repository\io\cucumber\messages\19.1.4\messages-19.1.4.jar;C:\Users\PATAN MUNNA\.m2\repository\io\cucumber\tag-expressions\4.1.0\tag-expressions-4.1.0.jar;C:\Users\PATAN MUNNA\.m2\repository\io\cucumber\cucumber-expressions\16.1.1\cucumber-expressions-16.1.1.jar;C:\Users\PATAN MUNNA\.m2\repository\io\cucumber\datatable\7.10.1\datatable-7.10.1.jar;C:\Users\PATAN MUNNA\.m2\repository\io\cucumber\cucumber-plugin\7.10.1\cucumber-plugin-7.10.1.jar;C:\Users\PATAN MUNNA\.m2\repository\io\cucumber\docstring\7.10.1\docstring-7.10.1.jar;C:\Users\PATAN MUNNA\.m2\repository\io\cucumber\html-formatter\20.2.0\html-formatter-20.2.0.jar;C:\Users\PATAN MUNNA\.m2\repository\io\cucumber\ci-environment\9.1.0\ci-environment-9.1.0.jar;C:\Users\PATAN MUNNA\.m2\repository\io\cucumber\cucumber-junit\7.10.1\cucumber-junit-7.10.1.jar;C:\Users\PATAN MUNNA\.m2\repository\junit\junit\4.13.2\junit-4.13.2.jar;C:\Users\PATAN MUNNA\.m2\repository\org\hamcrest\hamcrest-core\1.3\hamcrest-core-1.3.jar;C:\Users\PATAN MUNNA\.m2\repository\org\seleniumhq\selenium\selenium-java\4.21.0\selenium-java-4.21.0.jar;C:\Users\PATAN MUNNA\.m2\repository\org\seleniumhq\selenium\selenium-api\4.21.0\selenium-api-4.21.0.jar;C:\Users\PATAN MUNNA\.m2\repository\org\seleniumhq\selenium\selenium-chrome-driver\4.21.0\selenium-chrome-driver-4.21.0.jar;C:\Users\PATAN MUNNA\.m2\repository\com\google\auto\service\auto-service-annotations\1.1.1\auto-service-annotations-1.1.1.jar;C:\Users\PATAN MUNNA\.m2\repository\org\seleniumhq\selenium\selenium-chromium-driver\4.21.0\selenium-chromium-driver-4.21.0.jar;C:\Users\PATAN MUNNA\.m2\repository\org\seleniumhq\selenium\selenium-json\4.21.0\selenium-json-4.21.0.jar;C:\Users\PATAN MUNNA\.m2\repository\org\seleniumhq\selenium\selenium-manager\4.21.0\selenium-manager-4.21.0.jar;C:\Users\PATAN MUNNA\.m2\repository\org\seleniumhq\selenium\selenium-devtools-v123\4.21.0\selenium-devtools-v123-4.21.0.jar;C:\Users\PATAN MUNNA\.m2\repository\org\seleniumhq\selenium\selenium-devtools-v124\4.21.0\selenium-devtools-v124-4.21.0.jar;C:\Users\PATAN MUNNA\.m2\repository\org\seleniumhq\selenium\selenium-devtools-v125\4.21.0\selenium-devtools-v125-4.21.0.jar;C:\Users\PATAN MUNNA\.m2\repository\org\seleniumhq\selenium\selenium-devtools-v85\4.21.0\selenium-devtools-v85-4.21.0.jar;C:\Users\PATAN MUNNA\.m2\repository\org\seleniumhq\selenium\selenium-edge-driver\4.21.0\selenium-edge-driver-4.21.0.jar;C:\Users\PATAN MUNNA\.m2\repository\org\seleniumhq\selenium\selenium-firefox-driver\4.21.0\selenium-firefox-driver-4.21.0.jar;C:\Users\PATAN MUNNA\.m2\repository\org\seleniumhq\selenium\selenium-http\4.21.0\selenium-http-4.21.0.jar;C:\Users\PATAN MUNNA\.m2\repository\dev\failsafe\failsafe\3.3.2\failsafe-3.3.2.jar;C:\Users\PATAN MUNNA\.m2\repository\org\seleniumhq\selenium\selenium-ie-driver\4.21.0\selenium-ie-driver-4.21.0.jar;C:\Users\PATAN MUNNA\.m2\repository\org\seleniumhq\selenium\selenium-remote-driver\4.21.0\selenium-remote-driver-4.21.0.jar;C:\Users\PATAN MUNNA\.m2\repository\io\opentelemetry\semconv\opentelemetry-semconv\1.25.0-alpha\opentelemetry-semconv-1.25.0-alpha.jar;C:\Users\PATAN MUNNA\.m2\repository\io\opentelemetry\opentelemetry-api\1.38.0\opentelemetry-api-1.38.0.jar;C:\Users\PATAN MUNNA\.m2\repository\io\opentelemetry\opentelemetry-context\1.38.0\opentelemetry-context-1.38.0.jar;C:\Users\PATAN MUNNA\.m2\repository\io\opentelemetry\opentelemetry-exporter-logging\1.38.0\opentelemetry-exporter-logging-1.38.0.jar;C:\Users\PATAN MUNNA\.m2\repository\io\opentelemetry\opentelemetry-sdk-common\1.38.0\opentelemetry-sdk-common-1.38.0.jar;C:\Users\PATAN MUNNA\.m2\repository\io\opentelemetry\opentelemetry-sdk-extension-autoconfigure-spi\1.38.0\opentelemetry-sdk-extension-autoconfigure-spi-1.38.0.jar;C:\Users\PATAN MUNNA\.m2\repository\io\opentelemetry\opentelemetry-sdk-extension-autoconfigure\1.38.0\opentelemetry-sdk-extension-autoconfigure-1.38.0.jar;C:\Users\PATAN MUNNA\.m2\repository\io\opentelemetry\opentelemetry-api-incubator\1.38.0-alpha\opentelemetry-api-incubator-1.38.0-alpha.jar;C:\Users\PATAN MUNNA\.m2\repository\io\opentelemetry\opentelemetry-sdk-trace\1.38.0\opentelemetry-sdk-trace-1.38.0.jar;C:\Users\PATAN MUNNA\.m2\repository\io\opentelemetry\opentelemetry-sdk\1.38.0\opentelemetry-sdk-1.38.0.jar;C:\Users\PATAN MUNNA\.m2\repository\io\opentelemetry\opentelemetry-sdk-metrics\1.38.0\opentelemetry-sdk-metrics-1.38.0.jar;C:\Users\PATAN MUNNA\.m2\repository\io\opentelemetry\opentelemetry-sdk-logs\1.38.0\opentelemetry-sdk-logs-1.38.0.jar;C:\Users\PATAN MUNNA\.m2\repository\org\seleniumhq\selenium\selenium-os\4.21.0\selenium-os-4.21.0.jar;C:\Users\PATAN MUNNA\.m2\repository\org\seleniumhq\selenium\selenium-safari-driver\4.21.0\selenium-safari-driver-4.21.0.jar;C:\Users\PATAN MUNNA\.m2\repository\org\seleniumhq\selenium\selenium-support\4.21.0\selenium-support-4.21.0.jar;C:\Users\PATAN MUNNA\.m2\repository\org\seleniumhq\selenium\selenium-server\3.141.59\selenium-server-3.141.59.jar;C:\Users\PATAN MUNNA\.m2\repository\org\seleniumhq\selenium\selenium-opera-driver\3.141.59\selenium-opera-driver-3.141.59.jar;C:\Users\PATAN MUNNA\.m2\repository\com\beust\jcommander\1.72\jcommander-1.72.jar;C:\Users\PATAN MUNNA\.m2\repository\net\bytebuddy\byte-buddy\1.8.15\byte-buddy-1.8.15.jar;C:\Users\PATAN MUNNA\.m2\repository\org\apache\commons\commons-exec\1.3\commons-exec-1.3.jar;C:\Users\PATAN MUNNA\.m2\repository\com\google\guava\guava\25.0-jre\guava-25.0-jre.jar;C:\Users\PATAN MUNNA\.m2\repository\com\google\code\findbugs\jsr305\1.3.9\jsr305-1.3.9.jar;C:\Users\PATAN MUNNA\.m2\repository\org\checkerframework\checker-compat-qual\2.0.0\checker-compat-qual-2.0.0.jar;C:\Users\PATAN MUNNA\.m2\repository\com\google\errorprone\error_prone_annotations\2.1.3\error_prone_annotations-2.1.3.jar;C:\Users\PATAN MUNNA\.m2\repository\com\google\j2objc\j2objc-annotations\1.1\j2objc-annotations-1.1.jar;C:\Users\PATAN MUNNA\.m2\repository\org\codehaus\mojo\animal-sniffer-annotations\1.14\animal-sniffer-annotations-1.14.jar;C:\Users\PATAN MUNNA\.m2\repository\net\jcip\jcip-annotations\1.0\jcip-annotations-1.0.jar;C:\Users\PATAN MUNNA\.m2\repository\org\seleniumhq\selenium\jetty-repacked\9.4.12.v20180830\jetty-repacked-9.4.12.v20180830.jar;C:\Users\PATAN MUNNA\.m2\repository\com\squareup\okhttp3\okhttp\3.11.0\okhttp-3.11.0.jar;C:\Users\PATAN MUNNA\.m2\repository\com\squareup\okio\okio\1.14.0\okio-1.14.0.jar;C:\Users\PATAN MUNNA\.m2\repository\javax\servlet\javax.servlet-api\3.1.0\javax.servlet-api-3.1.0.jar;C:\Users\PATAN MUNNA\.m2\repository\org\yaml\snakeyaml\1.19\snakeyaml-1.19.jar;C:\Users\PATAN MUNNA\.m2\repository\org\jetbrains\annotations\24.0.1\annotations-24.0.1.jar;C:\Users\PATAN MUNNA\.m2\repository\org\apache\poi\poi-ooxml\5.2.3\poi-ooxml-5.2.3.jar;C:\Users\PATAN MUNNA\.m2\repository\org\apache\poi\poi-ooxml-lite\5.2.3\poi-ooxml-lite-5.2.3.jar;C:\Users\PATAN MUNNA\.m2\repository\org\apache\xmlbeans\xmlbeans\5.1.1\xmlbeans-5.1.1.jar;C:\Users\PATAN MUNNA\.m2\repository\org\apache\commons\commons-compress\1.21\commons-compress-1.21.jar;C:\Users\PATAN MUNNA\.m2\repository\commons-io\commons-io\2.11.0\commons-io-2.11.0.jar;C:\Users\PATAN MUNNA\.m2\repository\com\github\virtuald\curvesapi\1.07\curvesapi-1.07.jar;C:\Users\PATAN MUNNA\.m2\repository\org\apache\logging\log4j\log4j-api\2.18.0\log4j-api-2.18.0.jar;C:\Users\PATAN MUNNA\.m2\repository\org\apache\commons\commons-collections4\4.4\commons-collections4-4.4.jar;C:\Users\PATAN MUNNA\.m2\repository\org\apache\poi\poi\5.2.3\poi-5.2.3.jar;C:\Users\PATAN MUNNA\.m2\repository\commons-codec\commons-codec\1.15\commons-codec-1.15.jar;C:\Users\PATAN MUNNA\.m2\repository\org\apache\commons\commons-math3\3.6.1\commons-math3-3.6.1.jar;C:\Users\PATAN MUNNA\.m2\repository\com\zaxxer\SparseBitSet\1.2\SparseBitSet-1.2.jar;C:\Users\PATAN MUNNA\.m2\repository\tech\grasshopper\extentreports-cucumber7-adapter\1.14.0\extentreports-cucumber7-adapter-1.14.0.jar;C:\Users\PATAN MUNNA\.m2\repository\com\aventstack\extentreports\5.1.0\extentreports-5.1.0.jar;C:\Users\PATAN MUNNA\.m2\repository\io\reactivex\rxjava3\rxjava\3.1.6\rxjava-3.1.6.jar;C:\Users\PATAN MUNNA\.m2\repository\org\reactivestreams\reactive-streams\1.0.4\reactive-streams-1.0.4.jar;C:\Users\PATAN MUNNA\.m2\repository\org\freemarker\freemarker\2.3.32\freemarker-2.3.32.jar;C:\Users\PATAN MUNNA\.m2\repository\org\projectlombok\lombok\1.18.26\lombok-1.18.26.jar;C:\Users\PATAN MUNNA\.m2\repository\com\google\code\gson\gson\2.10.1\gson-2.10.1.jar;C:\Users\PATAN MUNNA\.m2\repository\tech\grasshopper\extent-pdf-report\2.12.0\extent-pdf-report-2.12.0.jar;C:\Users\PATAN MUNNA\.m2\repository\tech\grasshopper\cucumber-pdf-report\2.14.0\cucumber-pdf-report-2.14.0.jar;C:\Users\PATAN MUNNA\.m2\repository\org\apache\pdfbox\pdfbox\2.0.26\pdfbox-2.0.26.jar;C:\Users\PATAN MUNNA\.m2\repository\org\apache\pdfbox\fontbox\2.0.26\fontbox-2.0.26.jar;C:\Users\PATAN MUNNA\.m2\repository\org\knowm\xchart\xchart\3.8.0\xchart-3.8.0.jar;C:\Users\PATAN MUNNA\.m2\repository\de\erichseifert\vectorgraphics2d\VectorGraphics2D\0.13\VectorGraphics2D-0.13.jar;C:\Users\PATAN MUNNA\.m2\repository\de\rototor\pdfbox\graphics2d\0.30\graphics2d-0.30.jar;C:\Users\PATAN MUNNA\.m2\repository\com\madgag\animated-gif-lib\1.4\animated-gif-lib-1.4.jar;C:\Users\PATAN MUNNA\.m2\repository\tech\grasshopper\table-layout\1.5.1\table-layout-1.5.1.jar;C:\Users\PATAN MUNNA\.m2\repository\tech\grasshopper\rest-assured-cucumber-pdf-report\1.5.0\rest-assured-cucumber-pdf-report-1.5.0.jar;C:\Users\PATAN MUNNA\.m2\repository\org\jsoup\jsoup\1.15.3\jsoup-1.15.3.jar;C:\Users\PATAN MUNNA\.m2\repository\com\aventstack\klov-reporter\5.1.0\klov-reporter-5.1.0.jar;C:\Users\PATAN MUNNA\.m2\repository\org\mongodb\mongodb-driver\3.6.4\mongodb-driver-3.6.4.jar;C:\Users\PATAN MUNNA\.m2\repository\org\mongodb\mongodb-driver-core\3.6.4\mongodb-driver-core-3.6.4.jar;C:\Users\PATAN MUNNA\.m2\repository\org\mongodb\bson\3.6.4\bson-3.6.4.jar;C:\Users\PATAN MUNNA\.m2\repository\org\apache\httpcomponents\httpclient\4.5.13\httpclient-4.5.13.jar;C:\Users\PATAN MUNNA\.m2\repository\org\apache\httpcomponents\httpcore\4.4.13\httpcore-4.4.13.jar;C:\Users\PATAN MUNNA\.m2\repository\commons-logging\commons-logging\1.2\commons-logging-1.2.jar;C:\Users\PATAN MUNNA\.m2\repository\org\apache\httpcomponents\httpmime\4.5.13\httpmime-4.5.13.jar;C:\Users\PATAN MUNNA\.m2\repository\tech\grasshopper\htmlextentreporter\1.1.0\htmlextentreporter-1.1.0.jar;C:\Users\PATAN MUNNA\.m2\repository\tech\grasshopper\extent-excel-report\1.4.0\extent-excel-report-1.4.0.jar;C:\Users\PATAN MUNNA\.m2\repository\io\cucumber\cucumber-picocontainer\7.15.0\cucumber-picocontainer-7.15.0.jar;C:\Users\PATAN MUNNA\.m2\repository\org\picocontainer\picocontainer\2.15\picocontainer-2.15.jar;"/>
    <property name="java.vm.vendor" value="Oracle Corporation"/>
    <property name="sun.arch.data.model" value="64"/>
    <property name="user.variant" value=""/>
    <property name="java.vendor.url" value="https://java.oracle.com/"/>
    <property name="user.timezone" value="Asia/Calcutta"/>
    <property name="os.name" value="Windows 11"/>
    <property name="java.vm.specification.version" value="19"/>
    <property name="sun.java.launcher" value="SUN_STANDARD"/>
    <property name="user.country" value="IN"/>
    <property name="sun.boot.library.path" value="C:\Program Files\Java\jdk-19\bin"/>
    <property name="sun.java.command" value="C:\Users\PATAN MUNNA\AppData\Local\Temp\surefire13995658263682594483\surefirebooter-20240807204435791_3.jar C:\Users\PATAN MUNNA\AppData\Local\Temp\surefire13995658263682594483 2024-08-07T20-44-35_646-jvmRun1 surefire-20240807204435791_1tmp surefire_0-20240807204435791_2tmp"/>
    <property name="jdk.debug" value="release"/>
    <property name="surefire.test.class.path" value="C:\Users\PATAN MUNNA\IdeaProjects\CucumberHybridFramework\target\test-classes;C:\Users\PATAN MUNNA\IdeaProjects\CucumberHybridFramework\target\classes;C:\Users\PATAN MUNNA\.m2\repository\io\cucumber\cucumber-java\7.10.1\cucumber-java-7.10.1.jar;C:\Users\PATAN MUNNA\.m2\repository\org\apiguardian\apiguardian-api\1.1.2\apiguardian-api-1.1.2.jar;C:\Users\PATAN MUNNA\.m2\repository\io\cucumber\cucumber-testng\7.10.1\cucumber-testng-7.10.1.jar;C:\Users\PATAN MUNNA\.m2\repository\org\testng\testng\7.7.0\testng-7.7.0.jar;C:\Users\PATAN MUNNA\.m2\repository\org\slf4j\slf4j-api\1.7.36\slf4j-api-1.7.36.jar;C:\Users\PATAN MUNNA\.m2\repository\org\webjars\jquery\3.6.1\jquery-3.6.1.jar;C:\Users\PATAN MUNNA\.m2\repository\io\cucumber\cucumber-core\7.10.1\cucumber-core-7.10.1.jar;C:\Users\PATAN MUNNA\.m2\repository\io\cucumber\cucumber-gherkin\7.10.1\cucumber-gherkin-7.10.1.jar;C:\Users\PATAN MUNNA\.m2\repository\io\cucumber\cucumber-gherkin-messages\7.10.1\cucumber-gherkin-messages-7.10.1.jar;C:\Users\PATAN MUNNA\.m2\repository\io\cucumber\gherkin\25.0.2\gherkin-25.0.2.jar;C:\Users\PATAN MUNNA\.m2\repository\io\cucumber\messages\19.1.4\messages-19.1.4.jar;C:\Users\PATAN MUNNA\.m2\repository\io\cucumber\tag-expressions\4.1.0\tag-expressions-4.1.0.jar;C:\Users\PATAN MUNNA\.m2\repository\io\cucumber\cucumber-expressions\16.1.1\cucumber-expressions-16.1.1.jar;C:\Users\PATAN MUNNA\.m2\repository\io\cucumber\datatable\7.10.1\datatable-7.10.1.jar;C:\Users\PATAN MUNNA\.m2\repository\io\cucumber\cucumber-plugin\7.10.1\cucumber-plugin-7.10.1.jar;C:\Users\PATAN MUNNA\.m2\repository\io\cucumber\docstring\7.10.1\docstring-7.10.1.jar;C:\Users\PATAN MUNNA\.m2\repository\io\cucumber\html-formatter\20.2.0\html-formatter-20.2.0.jar;C:\Users\PATAN MUNNA\.m2\repository\io\cucumber\ci-environment\9.1.0\ci-environment-9.1.0.jar;C:\Users\PATAN MUNNA\.m2\repository\io\cucumber\cucumber-junit\7.10.1\cucumber-junit-7.10.1.jar;C:\Users\PATAN MUNNA\.m2\repository\junit\junit\4.13.2\junit-4.13.2.jar;C:\Users\PATAN MUNNA\.m2\repository\org\hamcrest\hamcrest-core\1.3\hamcrest-core-1.3.jar;C:\Users\PATAN MUNNA\.m2\repository\org\seleniumhq\selenium\selenium-java\4.21.0\selenium-java-4.21.0.jar;C:\Users\PATAN MUNNA\.m2\repository\org\seleniumhq\selenium\selenium-api\4.21.0\selenium-api-4.21.0.jar;C:\Users\PATAN MUNNA\.m2\repository\org\seleniumhq\selenium\selenium-chrome-driver\4.21.0\selenium-chrome-driver-4.21.0.jar;C:\Users\PATAN MUNNA\.m2\repository\com\google\auto\service\auto-service-annotations\1.1.1\auto-service-annotations-1.1.1.jar;C:\Users\PATAN MUNNA\.m2\repository\org\seleniumhq\selenium\selenium-chromium-driver\4.21.0\selenium-chromium-driver-4.21.0.jar;C:\Users\PATAN MUNNA\.m2\repository\org\seleniumhq\selenium\selenium-json\4.21.0\selenium-json-4.21.0.jar;C:\Users\PATAN MUNNA\.m2\repository\org\seleniumhq\selenium\selenium-manager\4.21.0\selenium-manager-4.21.0.jar;C:\Users\PATAN MUNNA\.m2\repository\org\seleniumhq\selenium\selenium-devtools-v123\4.21.0\selenium-devtools-v123-4.21.0.jar;C:\Users\PATAN MUNNA\.m2\repository\org\seleniumhq\selenium\selenium-devtools-v124\4.21.0\selenium-devtools-v124-4.21.0.jar;C:\Users\PATAN MUNNA\.m2\repository\org\seleniumhq\selenium\selenium-devtools-v125\4.21.0\selenium-devtools-v125-4.21.0.jar;C:\Users\PATAN MUNNA\.m2\repository\org\seleniumhq\selenium\selenium-devtools-v85\4.21.0\selenium-devtools-v85-4.21.0.jar;C:\Users\PATAN MUNNA\.m2\repository\org\seleniumhq\selenium\selenium-edge-driver\4.21.0\selenium-edge-driver-4.21.0.jar;C:\Users\PATAN MUNNA\.m2\repository\org\seleniumhq\selenium\selenium-firefox-driver\4.21.0\selenium-firefox-driver-4.21.0.jar;C:\Users\PATAN MUNNA\.m2\repository\org\seleniumhq\selenium\selenium-http\4.21.0\selenium-http-4.21.0.jar;C:\Users\PATAN MUNNA\.m2\repository\dev\failsafe\failsafe\3.3.2\failsafe-3.3.2.jar;C:\Users\PATAN MUNNA\.m2\repository\org\seleniumhq\selenium\selenium-ie-driver\4.21.0\selenium-ie-driver-4.21.0.jar;C:\Users\PATAN MUNNA\.m2\repository\org\seleniumhq\selenium\selenium-remote-driver\4.21.0\selenium-remote-driver-4.21.0.jar;C:\Users\PATAN MUNNA\.m2\repository\io\opentelemetry\semconv\opentelemetry-semconv\1.25.0-alpha\opentelemetry-semconv-1.25.0-alpha.jar;C:\Users\PATAN MUNNA\.m2\repository\io\opentelemetry\opentelemetry-api\1.38.0\opentelemetry-api-1.38.0.jar;C:\Users\PATAN MUNNA\.m2\repository\io\opentelemetry\opentelemetry-context\1.38.0\opentelemetry-context-1.38.0.jar;C:\Users\PATAN MUNNA\.m2\repository\io\opentelemetry\opentelemetry-exporter-logging\1.38.0\opentelemetry-exporter-logging-1.38.0.jar;C:\Users\PATAN MUNNA\.m2\repository\io\opentelemetry\opentelemetry-sdk-common\1.38.0\opentelemetry-sdk-common-1.38.0.jar;C:\Users\PATAN MUNNA\.m2\repository\io\opentelemetry\opentelemetry-sdk-extension-autoconfigure-spi\1.38.0\opentelemetry-sdk-extension-autoconfigure-spi-1.38.0.jar;C:\Users\PATAN MUNNA\.m2\repository\io\opentelemetry\opentelemetry-sdk-extension-autoconfigure\1.38.0\opentelemetry-sdk-extension-autoconfigure-1.38.0.jar;C:\Users\PATAN MUNNA\.m2\repository\io\opentelemetry\opentelemetry-api-incubator\1.38.0-alpha\opentelemetry-api-incubator-1.38.0-alpha.jar;C:\Users\PATAN MUNNA\.m2\repository\io\opentelemetry\opentelemetry-sdk-trace\1.38.0\opentelemetry-sdk-trace-1.38.0.jar;C:\Users\PATAN MUNNA\.m2\repository\io\opentelemetry\opentelemetry-sdk\1.38.0\opentelemetry-sdk-1.38.0.jar;C:\Users\PATAN MUNNA\.m2\repository\io\opentelemetry\opentelemetry-sdk-metrics\1.38.0\opentelemetry-sdk-metrics-1.38.0.jar;C:\Users\PATAN MUNNA\.m2\repository\io\opentelemetry\opentelemetry-sdk-logs\1.38.0\opentelemetry-sdk-logs-1.38.0.jar;C:\Users\PATAN MUNNA\.m2\repository\org\seleniumhq\selenium\selenium-os\4.21.0\selenium-os-4.21.0.jar;C:\Users\PATAN MUNNA\.m2\repository\org\seleniumhq\selenium\selenium-safari-driver\4.21.0\selenium-safari-driver-4.21.0.jar;C:\Users\PATAN MUNNA\.m2\repository\org\seleniumhq\selenium\selenium-support\4.21.0\selenium-support-4.21.0.jar;C:\Users\PATAN MUNNA\.m2\repository\org\seleniumhq\selenium\selenium-server\3.141.59\selenium-server-3.141.59.jar;C:\Users\PATAN MUNNA\.m2\repository\org\seleniumhq\selenium\selenium-opera-driver\3.141.59\selenium-opera-driver-3.141.59.jar;C:\Users\PATAN MUNNA\.m2\repository\com\beust\jcommander\1.72\jcommander-1.72.jar;C:\Users\PATAN MUNNA\.m2\repository\net\bytebuddy\byte-buddy\1.8.15\byte-buddy-1.8.15.jar;C:\Users\PATAN MUNNA\.m2\repository\org\apache\commons\commons-exec\1.3\commons-exec-1.3.jar;C:\Users\PATAN MUNNA\.m2\repository\com\google\guava\guava\25.0-jre\guava-25.0-jre.jar;C:\Users\PATAN MUNNA\.m2\repository\com\google\code\findbugs\jsr305\1.3.9\jsr305-1.3.9.jar;C:\Users\PATAN MUNNA\.m2\repository\org\checkerframework\checker-compat-qual\2.0.0\checker-compat-qual-2.0.0.jar;C:\Users\PATAN MUNNA\.m2\repository\com\google\errorprone\error_prone_annotations\2.1.3\error_prone_annotations-2.1.3.jar;C:\Users\PATAN MUNNA\.m2\repository\com\google\j2objc\j2objc-annotations\1.1\j2objc-annotations-1.1.jar;C:\Users\PATAN MUNNA\.m2\repository\org\codehaus\mojo\animal-sniffer-annotations\1.14\animal-sniffer-annotations-1.14.jar;C:\Users\PATAN MUNNA\.m2\repository\net\jcip\jcip-annotations\1.0\jcip-annotations-1.0.jar;C:\Users\PATAN MUNNA\.m2\repository\org\seleniumhq\selenium\jetty-repacked\9.4.12.v20180830\jetty-repacked-9.4.12.v20180830.jar;C:\Users\PATAN MUNNA\.m2\repository\com\squareup\okhttp3\okhttp\3.11.0\okhttp-3.11.0.jar;C:\Users\PATAN MUNNA\.m2\repository\com\squareup\okio\okio\1.14.0\okio-1.14.0.jar;C:\Users\PATAN MUNNA\.m2\repository\javax\servlet\javax.servlet-api\3.1.0\javax.servlet-api-3.1.0.jar;C:\Users\PATAN MUNNA\.m2\repository\org\yaml\snakeyaml\1.19\snakeyaml-1.19.jar;C:\Users\PATAN MUNNA\.m2\repository\org\jetbrains\annotations\24.0.1\annotations-24.0.1.jar;C:\Users\PATAN MUNNA\.m2\repository\org\apache\poi\poi-ooxml\5.2.3\poi-ooxml-5.2.3.jar;C:\Users\PATAN MUNNA\.m2\repository\org\apache\poi\poi-ooxml-lite\5.2.3\poi-ooxml-lite-5.2.3.jar;C:\Users\PATAN MUNNA\.m2\repository\org\apache\xmlbeans\xmlbeans\5.1.1\xmlbeans-5.1.1.jar;C:\Users\PATAN MUNNA\.m2\repository\org\apache\commons\commons-compress\1.21\commons-compress-1.21.jar;C:\Users\PATAN MUNNA\.m2\repository\commons-io\commons-io\2.11.0\commons-io-2.11.0.jar;C:\Users\PATAN MUNNA\.m2\repository\com\github\virtuald\curvesapi\1.07\curvesapi-1.07.jar;C:\Users\PATAN MUNNA\.m2\repository\org\apache\logging\log4j\log4j-api\2.18.0\log4j-api-2.18.0.jar;C:\Users\PATAN MUNNA\.m2\repository\org\apache\commons\commons-collections4\4.4\commons-collections4-4.4.jar;C:\Users\PATAN MUNNA\.m2\repository\org\apache\poi\poi\5.2.3\poi-5.2.3.jar;C:\Users\PATAN MUNNA\.m2\repository\commons-codec\commons-codec\1.15\commons-codec-1.15.jar;C:\Users\PATAN MUNNA\.m2\repository\org\apache\commons\commons-math3\3.6.1\commons-math3-3.6.1.jar;C:\Users\PATAN MUNNA\.m2\repository\com\zaxxer\SparseBitSet\1.2\SparseBitSet-1.2.jar;C:\Users\PATAN MUNNA\.m2\repository\tech\grasshopper\extentreports-cucumber7-adapter\1.14.0\extentreports-cucumber7-adapter-1.14.0.jar;C:\Users\PATAN MUNNA\.m2\repository\com\aventstack\extentreports\5.1.0\extentreports-5.1.0.jar;C:\Users\PATAN MUNNA\.m2\repository\io\reactivex\rxjava3\rxjava\3.1.6\rxjava-3.1.6.jar;C:\Users\PATAN MUNNA\.m2\repository\org\reactivestreams\reactive-streams\1.0.4\reactive-streams-1.0.4.jar;C:\Users\PATAN MUNNA\.m2\repository\org\freemarker\freemarker\2.3.32\freemarker-2.3.32.jar;C:\Users\PATAN MUNNA\.m2\repository\org\projectlombok\lombok\1.18.26\lombok-1.18.26.jar;C:\Users\PATAN MUNNA\.m2\repository\com\google\code\gson\gson\2.10.1\gson-2.10.1.jar;C:\Users\PATAN MUNNA\.m2\repository\tech\grasshopper\extent-pdf-report\2.12.0\extent-pdf-report-2.12.0.jar;C:\Users\PATAN MUNNA\.m2\repository\tech\grasshopper\cucumber-pdf-report\2.14.0\cucumber-pdf-report-2.14.0.jar;C:\Users\PATAN MUNNA\.m2\repository\org\apache\pdfbox\pdfbox\2.0.26\pdfbox-2.0.26.jar;C:\Users\PATAN MUNNA\.m2\repository\org\apache\pdfbox\fontbox\2.0.26\fontbox-2.0.26.jar;C:\Users\PATAN MUNNA\.m2\repository\org\knowm\xchart\xchart\3.8.0\xchart-3.8.0.jar;C:\Users\PATAN MUNNA\.m2\repository\de\erichseifert\vectorgraphics2d\VectorGraphics2D\0.13\VectorGraphics2D-0.13.jar;C:\Users\PATAN MUNNA\.m2\repository\de\rototor\pdfbox\graphics2d\0.30\graphics2d-0.30.jar;C:\Users\PATAN MUNNA\.m2\repository\com\madgag\animated-gif-lib\1.4\animated-gif-lib-1.4.jar;C:\Users\PATAN MUNNA\.m2\repository\tech\grasshopper\table-layout\1.5.1\table-layout-1.5.1.jar;C:\Users\PATAN MUNNA\.m2\repository\tech\grasshopper\rest-assured-cucumber-pdf-report\1.5.0\rest-assured-cucumber-pdf-report-1.5.0.jar;C:\Users\PATAN MUNNA\.m2\repository\org\jsoup\jsoup\1.15.3\jsoup-1.15.3.jar;C:\Users\PATAN MUNNA\.m2\repository\com\aventstack\klov-reporter\5.1.0\klov-reporter-5.1.0.jar;C:\Users\PATAN MUNNA\.m2\repository\org\mongodb\mongodb-driver\3.6.4\mongodb-driver-3.6.4.jar;C:\Users\PATAN MUNNA\.m2\repository\org\mongodb\mongodb-driver-core\3.6.4\mongodb-driver-core-3.6.4.jar;C:\Users\PATAN MUNNA\.m2\repository\org\mongodb\bson\3.6.4\bson-3.6.4.jar;C:\Users\PATAN MUNNA\.m2\repository\org\apache\httpcomponents\httpclient\4.5.13\httpclient-4.5.13.jar;C:\Users\PATAN MUNNA\.m2\repository\org\apache\httpcomponents\httpcore\4.4.13\httpcore-4.4.13.jar;C:\Users\PATAN MUNNA\.m2\repository\commons-logging\commons-logging\1.2\commons-logging-1.2.jar;C:\Users\PATAN MUNNA\.m2\repository\org\apache\httpcomponents\httpmime\4.5.13\httpmime-4.5.13.jar;C:\Users\PATAN MUNNA\.m2\repository\tech\grasshopper\htmlextentreporter\1.1.0\htmlextentreporter-1.1.0.jar;C:\Users\PATAN MUNNA\.m2\repository\tech\grasshopper\extent-excel-report\1.4.0\extent-excel-report-1.4.0.jar;C:\Users\PATAN MUNNA\.m2\repository\io\cucumber\cucumber-picocontainer\7.15.0\cucumber-picocontainer-7.15.0.jar;C:\Users\PATAN MUNNA\.m2\repository\org\picocontainer\picocontainer\2.15\picocontainer-2.15.jar;"/>
    <property name="sun.cpu.endian" value="little"/>
    <property name="user.home" value="C:\Users\PATAN MUNNA"/>
    <property name="user.language" value="en"/>
    <property name="java.specification.vendor" value="Oracle Corporation"/>
    <property name="java.version.date" value="2022-09-20"/>
    <property name="java.home" value="C:\Program Files\Java\jdk-19"/>
    <property name="file.separator" value="\"/>
    <property name="basedir" value="C:\Users\PATAN MUNNA\IdeaProjects\CucumberHybridFramework"/>
    <property name="java.vm.compressedOopsMode" value="Zero based"/>
    <property name="line.separator" value="&#10;"/>
    <property name="java.vm.specification.vendor" value="Oracle Corporation"/>
    <property name="java.specification.name" value="Java Platform API Specification"/>
    <property name="surefire.real.class.path" value="C:\Users\PATAN MUNNA\AppData\Local\Temp\surefire13995658263682594483\surefirebooter-20240807204435791_3.jar"/>
    <property name="user.script" value=""/>
    <property name="sun.management.compiler" value="HotSpot 64-Bit Tiered Compilers"/>
    <property name="java.runtime.version" value="19+36-2238"/>
    <property name="user.name" value="PATAN MUNNA"/>
    <property name="stdout.encoding" value="Cp1252"/>
    <property name="path.separator" value=";"/>
    <property name="os.version" value="10.0"/>
    <property name="java.runtime.name" value="Java(TM) SE Runtime Environment"/>
    <property name="file.encoding" value="UTF-8"/>
    <property name="java.vm.name" value="Java HotSpot(TM) 64-Bit Server VM"/>
    <property name="localRepository" value="C:\Users\PATAN MUNNA\.m2\repository"/>
    <property name="java.vendor.url.bug" value="https://bugreport.java.com/bugreport/"/>
    <property name="java.io.tmpdir" value="C:\Users\PATANM~1\AppData\Local\Temp\"/>
    <property name="java.version" value="19"/>
    <property name="user.dir" value="C:\Users\PATAN MUNNA\IdeaProjects\CucumberHybridFramework"/>
    <property name="os.arch" value="amd64"/>
    <property name="java.vm.specification.name" value="Java Virtual Machine Specification"/>
    <property name="sun.os.patch.level" value=""/>
    <property name="native.encoding" value="Cp1252"/>
    <property name="java.library.path" value="C:\Program Files\Java\jdk-19\bin;C:\WINDOWS\Sun\Java\bin;C:\WINDOWS\system32;C:\WINDOWS;C:\Program Files\Java\jdk-19\bin;C:\Program Files\Maven\apache-maven-3.8.6-bin\apache-maven-3.8.6\bin;C:\Users\PATAN MUNNA\OneDrive\Desktop\eotOs\platform-tools_r33.0.3-windows (1)\platform-tools;C:\Program Files\nodejs\;C:\WINDOWS\system32;C:\WINDOWS;C:\WINDOWS\System32\Wbem;C:\WINDOWS\System32\WindowsPowerShell\v1.0\;C:\WINDOWS\System32\OpenSSH\;C:\Users\PATAN MUNNA\AppData\Local\Android\Sdk\tools;C:\Users\PATAN MUNNA\AppData\Local\Android\Sdk\tools\bin;C:\Users\PATAN MUNNA\AppData\Local\Android\Sdk\platform-tools;C:\Program Files\Git\cmd;C:\Program Files\Git LFS;C:\Users\PATAN MUNNA\OneDrive\Desktop\eotOs\platform-tools_r33.0.3-windows (1)\platform-tools;C:\Users\PATAN MUNNA\AppData\Roaming\npm;C:\Users\PATAN MUNNA\AppData\Local\Microsoft\WindowsApps;C:\Users\PATAN MUNNA\AppData\Local\Programs\Microsoft VS Code\bin;."/>
    <property name="java.vm.info" value="mixed mode, sharing"/>
    <property name="stderr.encoding" value="Cp1252"/>
    <property name="java.vendor" value="Oracle Corporation"/>
    <property name="java.vm.version" value="19+36-2238"/>
    <property name="sun.io.unicode.encoding" value="UnicodeLittle"/>
    <property name="java.class.version" value="63.0"/>
  </properties>
  <testcase name="runScenario[&quot;Login with valid credential&quot;, &quot;Login functionality&quot;](1)" classname="runner.TestRunner" time="4.702">
    <system-err><![CDATA[SLF4J: Failed to load class "org.slf4j.impl.StaticLoggerBinder".
SLF4J: Defaulting to no-operation (NOP) logger implementation
SLF4J: See http://www.slf4j.org/codes.html#StaticLoggerBinder for further details.
Aug 07, 2024 8:44:38 PM org.openqa.selenium.devtools.CdpVersionFinder findNearestMatch
WARNING: Unable to find an exact match for CDP version 127, returning the closest version; found: 125; Please update to a Selenium version that supports CDP version 127
]]></system-err>
  </testcase>
</testsuite>