<?xml version="1.0" encoding="UTF-8"?>
<!-- Generated by org.testng.reporters.JUnitReportReporter -->
<testsuite hostname="Noushad" failures="0" tests="1" name="runner.TestRunner" time="4.701" errors="0" timestamp="2024-08-07T20:44:41 IST" skipped="0">
  <testcase classname="runner.TestRunner" name="runScenario" time="4.701"/>
  <system-out/>
</testsuite> <!-- runner.TestRunner -->
